<?xml version="1.0" encoding="UTF-8"?>
<!-- Generated by org.testng.reporters.JUnitXMLReporter -->
<testsuite ignored="0" hostname="Ktex03" failures="0" tests="5" name="Default test" time="0.055" errors="0" timestamp="2022-06-19T14:03:35 EDT">
  <testcase classname="selenium.Testing1" name="dataTest" time="0.005"/>
  <testcase classname="selenium.Testing1" name="dataTest" time="0.002"/>
  <testcase classname="selenium.Testing1" name="test1" time="0.0"/>
  <testcase classname="selenium.Testing1" name="test2" time="0.001"/>
  <testcase classname="selenium.Testing1" name="test3" time="0.001"/>
</testsuite> <!-- Default test -->
